C51 COMPILER V9.54   EEPROM                                                                07/12/2025 08:11:00 PAGE 1   


C51 COMPILER V9.54, COMPILATION OF MODULE EEPROM
OBJECT MODULE PLACED IN .\Objects\EEPROM.obj
COMPILER INVOKED BY: E:\keilC51\C51\BIN\C51.EXE scr\EEPROM.c OPTIMIZE(9,SIZE) BROWSE INCDIR(.\inc;.\USER) DEBUG OBJECTEX
                    -TEND PRINT(.\Listings\EEPROM.lst) TABS(2) OBJECT(.\Objects\EEPROM.obj)

line level    source

   1          #include "OB38R16T1.h"
   2          #include <absacc.h>    /* Include Macro Definitions */
   3          #include "EEPROM.h"
   4          
   5          /*ISPFC.ISPF[2:0]*/
   6          #define d_1Byte_Program_ROM     0
   7          #define d_2Byte_Program_ROM     1
   8          #define d_Write_EEPROM          3
   9          #define d_Read_EEPROM           4
  10          
  11          //====================================================================
  12          
  13          
  14          void ISP_Enable(void)
  15          {
  16   1          EA     = 0;
  17   1          TAKEY  = 0x55;
  18   1          TAKEY  = 0xAA;
  19   1          TAKEY  = 0x5A;
  20   1          IFCON |= 0x01;      // ISPE=1, Enable ISP function
  21   1          EA     = 1;
  22   1      }
  23          
  24          void ISP_Disable(void)
  25          {
  26   1          EA     = 0;
  27   1          TAKEY  = 0x55;
  28   1          TAKEY  = 0xAA;
  29   1          TAKEY  = 0x5A;
  30   1          IFCON &= 0xFE;      // ISPE=0, Disable  ISP function
  31   1          EA     = 1;
  32   1      }
  33          
  34          // void ROM_1ByteProgram(unsigned int Addr, unsigned char Data)
  35          // {
  36          //     ISP_Enable();
  37          //     ISPFAH = Addr>>8;
  38          //     ISPFAL = Addr;
  39          //     ISPFDL = Data;
  40          //     ISPFC  = d_1Byte_Program_ROM;
  41          //     ISP_Disable();
  42          // }
  43          
  44          // void ROM_2ByteProgram(unsigned int Addr, unsigned int Data)
  45          // {
  46          //     ISP_Enable();
  47          //     ISPFAH = Addr>>8;
  48          //     ISPFAL = Addr;
  49          //     ISPFDL = Data;
  50          //     ISPFDH = Data>>8;
  51          //     ISPFC  = d_2Byte_Program_ROM;
  52          //     ISP_Disable();
  53          // }
  54          
C51 COMPILER V9.54   EEPROM                                                                07/12/2025 08:11:00 PAGE 2   

  55          void Write_EEPROM(unsigned char Addr, unsigned char Data)
  56          {
  57   1          ISP_Enable();
  58   1          ISPFAH = 0x00;
  59   1          ISPFAL = Addr;
  60   1          ISPFDL = Data;
  61   1          ISPFC  = d_Write_EEPROM;
  62   1          ISP_Disable();
  63   1      }
  64          
  65          unsigned char Read_EEPROM(unsigned char Addr)
  66          {
  67   1          unsigned char Data;
  68   1          ISP_Enable();
  69   1          ISPFAH = 0x00;
  70   1          ISPFAL = Addr;
  71   1          ISPFC  = d_Read_EEPROM;
  72   1          Data   = ISPFDL;
  73   1          ISP_Disable();
  74   1          return Data;
  75   1      }
  76          
  77          //读取总流量
  78          void ReadTotalFlow()
  79          {
  80   1         u8 temp =0;
  81   1         TotalFlow = 0;
  82   1         temp = Read_EEPROM(AddrTotalFlowL);
  83   1         TotalFlow = temp;
  84   1         temp = Read_EEPROM(AddrTotalFlowH);
  85   1         TotalFlow |=  (temp<<8); 
  86   1      }
  87          
  88          void WriteTotalFlow()
  89          {
  90   1         u8 temp =0;
  91   1         temp = TotalFlow & 0x00FF;
  92   1         Write_EEPROM(AddrTotalFlowL,temp);
  93   1         temp = (TotalFlow & 0xFF00) >> 8;
  94   1         Write_EEPROM(AddrTotalFlowH,temp);
  95   1      }
  96          
  97          //读取单杯意式温度
  98          void ReadSingleEspTemp()
  99          {
 100   1         TempSingleEsp= Read_EEPROM(AddrSingleEspTemp);
 101   1         if((TempSingleEsp> MaxHotDrinkTemp)||(TempSingleEsp< MinHotDrinkTemp))
 102   1             TempSingleEsp= DefSingleEspTemp;
 103   1      }
 104          
 105          //读取双杯意式温度
 106          void ReadDoubleEspTemp()
 107          {
 108   1         TempDoubleEsp= Read_EEPROM(AddrDoubleEspTemp);
 109   1         if((TempDoubleEsp> MaxHotDrinkTemp)||(TempDoubleEsp< MinHotDrinkTemp))
 110   1             TempDoubleEsp= DefDoubleEspTemp;
 111   1      }
 112          
 113          //读取咖啡温度
 114          void ReadCoffeTemp()
 115          {
 116   1          TempCoffee= Read_EEPROM(AddrCofffeTemp);
C51 COMPILER V9.54   EEPROM                                                                07/12/2025 08:11:00 PAGE 3   

 117   1          if((TempCoffee> MaxCoffeTemp)||(TempCoffee< MinCoffeTemp))
 118   1              TempCoffee= DefCoffeTemp;
 119   1      }
 120          
 121          //读取美式咖啡温度
 122          void ReadAmericanoTemp()
 123          {
 124   1          TempAmericano= Read_EEPROM(AddrAmericanoTemp);
 125   1          if((TempAmericano> MaxHotDrinkTemp)||(TempAmericano< MinHotDrinkTemp))
 126   1              TempAmericano= DefAmericanoTemp;
 127   1      }
 128          
 129          
 130          // unsigned char ROM_ByteRead(unsigned int Addr)
 131          // {
 132          //     return CBYTE[Addr];         //The range of valid index values for this macro is 0-255
 133          // }
 134          


MODULE INFORMATION:   STATIC OVERLAYABLE
   CODE SIZE        =    231    ----
   CONSTANT SIZE    =   ----    ----
   XDATA SIZE       =   ----    ----
   PDATA SIZE       =   ----    ----
   DATA SIZE        =   ----    ----
   IDATA SIZE       =   ----    ----
   BIT SIZE         =   ----    ----
END OF MODULE INFORMATION.


C51 COMPILATION COMPLETE.  0 WARNING(S),  0 ERROR(S)
