C51 COMPILER V9.54   GPIO                                                                  07/12/2025 08:10:59 PAGE 1   


C51 COMPILER V9.54, COMPILATION OF MODULE GPIO
OBJECT MODULE PLACED IN .\Objects\Gpio.obj
COMPILER INVOKED BY: E:\keilC51\C51\BIN\C51.EXE scr\Gpio.c OPTIMIZE(9,SIZE) BROWSE INCDIR(.\inc;.\USER) DEBUG OBJECTEXTE
                    -ND PRINT(.\Listings\Gpio.lst) TABS(2) OBJECT(.\Objects\Gpio.obj)

line level    source

   1          #include "Gpio.h"
   2          
   3          
   4          void Gpio_init(void)
   5          {
   6   1          GPIO_IN_P2(4);
   7   1          GPIO_IN_P0(4);
   8   1          GPIO_IN_P0(5);
   9   1          GPIO_IN_P0(6);
  10   1          GPIO_IN_P0(7);
  11   1          GPIO_IN_P1(0);
  12   1          GPIO_IN_P1(7);
  13   1      
  14   1          GPIO_IN_P3(2);
  15   1       
  16   1          GPIO_IN_P1(6);
  17   1      
  18   1          GPIO_RESET_P1(5);
  19   1          GPIO_RESET_P1(4);
  20   1      
  21   1          GPIO_RESET_P2(6);
  22   1          GPIO_RESET_P2(5);
  23   1      
  24   1          GPIO_RESET_P3(0);
  25   1          GPIO_RESET_P3(1);
  26   1      
  27   1          GPIO_IN_P3(3);
  28   1          GPIO_IN_P3(4);
  29   1      }


MODULE INFORMATION:   STATIC OVERLAYABLE
   CODE SIZE        =    103    ----
   CONSTANT SIZE    =   ----    ----
   XDATA SIZE       =   ----    ----
   PDATA SIZE       =   ----    ----
   DATA SIZE        =   ----    ----
   IDATA SIZE       =   ----    ----
   BIT SIZE         =   ----    ----
END OF MODULE INFORMATION.


C51 COMPILATION COMPLETE.  0 WARNING(S),  0 ERROR(S)
