C51 COMPILER V9.54   LVI_LVR                                                               07/12/2025 08:11:01 PAGE 1   


C51 COMPILER V9.54, COMPILATION OF MODULE LVI_LVR
OBJECT MODULE PLACED IN .\Objects\LVI_LVR.obj
COMPILER INVOKED BY: E:\keilC51\C51\BIN\C51.EXE scr\LVI_LVR.c OPTIMIZE(9,SIZE) BROWSE INCDIR(.\inc;.\USER) DEBUG OBJECTE
                    -XTEND PRINT(.\Listings\LVI_LVR.lst) TABS(2) OBJECT(.\Objects\LVI_LVR.obj)

line level    source

   1          #include "OB38R16T1.h"
   2          #include "LVI_LVR.h"
   3          
   4          void LVI_EN(void)
   5          {
   6   1          LVC   |= 0x83; //4V 掉电存储
   7   1          IELVI  = 1;
   8   1          // EA     = 1;
   9   1      }
  10          
  11          void LVR_Disable(void)
  12          {
  13   1          LVC &= 0xDF;
  14   1      }
  15          
  16          void LVI(void) interrupt d_LVI_Vector
  17          {
  18   1          Write_EEPROM(AddrSingleEspTemp,TempSingleEsp);
  19   1          Write_EEPROM(AddrDoubleEspTemp,TempDoubleEsp);
  20   1          Write_EEPROM(AddrCofffeTemp,TempCoffee);
  21   1          Write_EEPROM(AddrAmericanoTemp,TempAmericano);
  22   1          Write_EEPROM(AddrTotalFlowL,TotalFlow);
  23   1          Write_EEPROM(AddrTotalFlowH,TotalFlow>>8);
  24   1      }


MODULE INFORMATION:   STATIC OVERLAYABLE
   CODE SIZE        =    127    ----
   CONSTANT SIZE    =   ----    ----
   XDATA SIZE       =   ----    ----
   PDATA SIZE       =   ----    ----
   DATA SIZE        =   ----    ----
   IDATA SIZE       =   ----    ----
   BIT SIZE         =   ----    ----
END OF MODULE INFORMATION.


C51 COMPILATION COMPLETE.  0 WARNING(S),  0 ERROR(S)
