C51 COMPILER V9.54   FLOW                                                                  07/23/2024 15:06:20 PAGE 1   


C51 COMPILER V9.54, COMPILATION OF MODULE FLOW
OBJECT MODULE PLACED IN .\Objects\Flow.obj
COMPILER INVOKED BY: C:\Keil_v5\C51\BIN\C51.EXE scr\Flow.c LARGE OPTIMIZE(8,SPEED) BROWSE INCDIR(.\inc;.\USER) DEBUG OBJ
                    -ECTEXTEND PRINT(.\Listings\Flow.lst) OBJECT(.\Objects\Flow.obj)

line level    source

   1          #include "Flow.h"
   2          
   3          #define TIMER1_VECTOR   3       //TIMER1 Interrupt Vevtor
   4          #define d_T0MOD         0x00    //TMOD[3:0] TIMER0 Mode setting
   5          #define d_T1MOD         0x04    //TMOD[7:4] TIMER1 Mode setting
   6          #define d_ET2           0x00    //TIMER2 overflow Interrupt Enable (Default 0 Disable)
   7          #define d_ET1           0x01    //TIMER1 overflow Interrupt Enable (Default 0 Disable)
   8          #define d_ET0           0x00    //TIMER0 overflow Interrupt Enable (Default 0 Disable)
   9          
  10          #define d_MODEVALUE_T1      8192    //MODE0 13bit 8192
  11          // #define d_RELOADVALUE_T1    2 //0.52ml/pulse
  12          
  13          FlowCtrlTypedef FlowCtrl ={0};
  14          u16 volatile CurFlow    =0;
  15          
  16          void Flow_Init(void)
  17          {
  18   1          IEN0 |= (d_ET2<<5)|(d_ET1<<3)|(d_ET0<<1); //IE=IEN0
  19   1          TMOD |= (d_T1MOD<<4)|(d_T0MOD);
  20   1          // TH1   = (d_MODEVALUE_T1-FlowCtrl.PulsePeriod)/32;
  21   1          // TL1   = (d_MODEVALUE_T1-FlowCtrl.PulsePeriod)%32;
  22   1          // TR1   = 1; //Timer1 Start bit     
  23   1      }
  24          
  25          
  26          void FLOWCOUNT_ISR(void) interrupt TIMER1_VECTOR   
  27          {
  28   1          TH1   = (d_MODEVALUE_T1-FlowCtrl.PulsePeriod)/32;
  29   1          TL1   = (d_MODEVALUE_T1-FlowCtrl.PulsePeriod)%32;
  30   1          CurFlow++;
  31   1      }
  32          
  33          #define Flow_Scan   0x01
  34          #define Flow_End    0x02
  35          
  36          void Flow_Ctrl(void)
  37          {
  38   1          static bit Flow_Flag = 0;
  39   1          if(FlowCtrl.FlowCtrlByte== Flow_Scan)
  40   1          {
  41   2              if(Flow_Flag== 1)
  42   2              {
  43   3                  Flow_Flag =0;
  44   3                  TH1   = (d_MODEVALUE_T1-FlowCtrl.PulsePeriod)/32;
  45   3                  TL1   = (d_MODEVALUE_T1-FlowCtrl.PulsePeriod)%32;
  46   3                  TR1 = 1;
  47   3              }
  48   2          }
  49   1          else
  50   1              {
  51   2                      TR1 = 0;
  52   2                      CurFlow=0;
  53   2                      Flow_Flag=1;
  54   2              }
C51 COMPILER V9.54   FLOW                                                                  07/23/2024 15:06:20 PAGE 2   

  55   1          // {
  56   1              //      if(Flow_Flag ==0)
  57   1              //      {
  58   1              //              TR1 = 0;
  59   1              //              CurFlow= 0;
  60   1              //              Flow_Flag =1;
  61   1              //      }
  62   1          // }
  63   1      }
  64          
  65          


MODULE INFORMATION:   STATIC OVERLAYABLE
   CODE SIZE        =    153    ----
   CONSTANT SIZE    =   ----    ----
   XDATA SIZE       =      4    ----
   PDATA SIZE       =   ----    ----
   DATA SIZE        =   ----    ----
   IDATA SIZE       =   ----    ----
   BIT SIZE         =      1    ----
END OF MODULE INFORMATION.


C51 COMPILATION COMPLETE.  0 WARNING(S),  0 ERROR(S)
