C51 COMPILER V9.54   GPIO                                                                  07/23/2024 15:06:20 PAGE 1   


C51 COMPILER V9.54, COMPILATION OF MODULE GPIO
OBJECT MODULE PLACED IN .\Objects\Gpio.obj
COMPILER INVOKED BY: C:\Keil_v5\C51\BIN\C51.EXE scr\Gpio.c LARGE OPTIMIZE(8,SPEED) BROWSE INCDIR(.\inc;.\USER) DEBUG OBJ
                    -ECTEXTEND PRINT(.\Listings\Gpio.lst) OBJECT(.\Objects\Gpio.obj)

line level    source

   1          #include "Gpio.h"
   2          
   3          void Gpio_init(void)
   4          {
   5   1          //输出
   6   1          GPIO_OUT_P3(0);
   7   1          GPIO_OUT_P3(1);
   8   1          GPIO_OUT_P3(2);
   9   1              GPIO_OUT_P3(3);
  10   1          GPIO_OUT_P3(4);
  11   1          GPIO_OUT_P1(2);
  12   1          GPIO_OUT_P1(3);
  13   1          GPIO_OUT_P1(6);
  14   1          GPIO_OUT_P1(7);
  15   1          GPIO_OUT_P0(7);
  16   1      
  17   1          //传感器
  18   1          GPIO_IN_P0(3);
  19   1          GPIO_IN_P0(5);
  20   1          GPIO_IN_P0(6);
  21   1          GPIO_IN_P1(0);
  22   1          GPIO_IN_P3(5);
  23   1      
  24   1          //串口
  25   1          GPIO_RESET_P2(5);
  26   1          GPIO_RESET_P2(6);
  27   1      
  28   1          //通讯
  29   1          GPIO_RESET_P1(5);
  30   1          GPIO_RESET_P1(4);
  31   1      
  32   1          SCR1 = High_OFF; 
  33   1          SCR2 = High_OFF; 
  34   1          SCR3 = High_OFF; 
  35   1          RL1  = Low_OFF;
  36   1          RL2  = Low_OFF;
  37   1          RL3  = Low_OFF;
  38   1          RL4  = Low_OFF;
  39   1          RL5  = Low_OFF;
  40   1          RL6  = Low_OFF;
  41   1      
  42   1          RXD  =   1;
  43   1          TXD  =   1;
  44   1          RXD0 =   1;
  45   1          TXD0 =   1;
  46   1      }


MODULE INFORMATION:   STATIC OVERLAYABLE
   CODE SIZE        =    141    ----
   CONSTANT SIZE    =   ----    ----
   XDATA SIZE       =   ----    ----
   PDATA SIZE       =   ----    ----
   DATA SIZE        =   ----    ----
C51 COMPILER V9.54   GPIO                                                                  07/23/2024 15:06:20 PAGE 2   

   IDATA SIZE       =   ----    ----
   BIT SIZE         =   ----    ----
END OF MODULE INFORMATION.


C51 COMPILATION COMPLETE.  0 WARNING(S),  0 ERROR(S)
